<?xml version="1.0" encoding="UTF-8"?>
<!-- Generated by org.testng.reporters.JUnitReportReporter -->
<testsuite hostname="kalpesh16" failures="0" tests="2" name="DemoA.Log4JDemo.ReportGenerationTest" time="0.153" errors="0" timestamp="03 Jan 2022 16:36:59 GMT" skipped="0">
  <testcase classname="DemoA.Log4JDemo.ReportGenerationTest" name="verifyTitle" time="0.017"/>
  <testcase classname="DemoA.Log4JDemo.ReportGenerationTest" name="verifyFirstNameField" time="0.136"/>
</testsuite> <!-- DemoA.Log4JDemo.ReportGenerationTest -->
