<?xml version="1.0" encoding="UTF-8"?>
<!-- Generated by org.testng.reporters.JUnitReportReporter -->
<testsuite hostname="kalpesh16" failures="0" tests="1" name="DemoA.Log4JDemo.ExtentReportDemoTest" time="5.242" errors="0" timestamp="06 Jan 2022 16:52:59 GMT" skipped="0">
  <testcase classname="DemoA.Log4JDemo.ExtentReportDemoTest" name="extentReportsDemo" time="5.242"/>
</testsuite> <!-- DemoA.Log4JDemo.ExtentReportDemoTest -->
