<?xml version="1.0" encoding="UTF-8"?>
<!-- Generated by org.testng.reporters.JUnitReportReporter -->
<testsuite hostname="kalpesh16" failures="0" tests="1" name="DemoA.Log4JDemo.ExtentReportDemo" time="2.838" errors="0" timestamp="03 Jan 2022 16:46:28 GMT" skipped="0">
  <testcase classname="DemoA.Log4JDemo.ExtentReportDemo" name="extentReportsDemo" time="2.838"/>
</testsuite> <!-- DemoA.Log4JDemo.ExtentReportDemo -->
